                                                 ,--;                           
                                                 \  \          ----.            
    ,-----.           ,----.;---.  ,--.  ,----.   \  \   ---.   |  |    ;-.----.
   /  ---./ ;-,----. / .---'|  , `.|  | / .---' ,--'  \   \  \  |  |    | .---' 
  |  ( .---.|  ´` .'|  `--  |  |`  `  ||  `--  / .--.  )/ .-. \ |  |    | `--,  
   \  --'  ||  |\  \ \ `---.|  |  \   | \ `---.\ `--' //  `-'  \|  '---.| |`    
    `----´ '`--' '--' `----'`--'   `--:  `----' `----' `------'.`------'| |     
                                                                        | |     
       ========================================================////-    ,-'     
       v0.2.0-beta (c) 2020-2022 by Lucas Czech

Invocation:                        /central/home/lczech/grenedalf/bin/grenedalf fst --pileup-path /central/groups/carnegie_poc/lczech/lustre_scratch/grenepipe-runs/ath-evo-seeds-pileups/mpileup/all-merged-units.mpileup.gz --window-width 10000 --omit-na-windows --pool-sizes 2500 --sample-name-prefix S --file-suffix -width-10000 --method spence-nei --threads 4
Command:                           grenedalf fst

Input SAM/BAM/CRAM:
  --sam-path                       []
  --sam-min-map-qual               0
  --sam-min-base-qual              0
  --sam-split-by-rg

Input (m)pileup:
  --pileup-path                    "/central/groups/carnegie_poc/lczech/lustre_scratch/grenepipe-runs/ath-evo-seeds-pileups/mpileup/all-merged-units.mpileup.gz"
  --pileup-min-base-qual           0
  --pileup-quality-encoding        sanger

Input sync:
  --sync-path                      []

Input VCF:
  --vcf-path                       []

Input Settings:
  --multi-file-set                 union

Sample Names:
  --sample-name-list               
  --sample-name-prefix             'S'

Filtering:
  --filter-region                  
  --filter-region-bed              
  --filter-region-gff              
  --filter-samples-include         
  --filter-samples-exclude

Window:
  --window-width                   10000
  --window-stride                  0

Settings:
  --pool-sizes                     2500
  --method                         "spence-nei"
  --omit-na-windows                true
  --comparand                      
  --second-comparand               
  --comparand-list

Formatting:
  --separator-char                 tab
  --na-entry                       NA

Output:
  --out-dir                        .
  --file-prefix                    
  --file-suffix                    "-width-10000"
  --compress

Global Options:
  --allow-file-overwriting         
  --verbose                        
  --threads                        4
  --log-file

Run the following command to get the references that need to be cited:
`grenedalf citation Czech2021-grenedalf Kofler2011-PoPoolation2`

Started 2022-06-01 15:46:38

Processing 8 samples

Computing F_ST between 28 pairs of samples.
At chromosome 1
At chromosome 2
At chromosome 3
At chromosome 4
At chromosome 5
At chromosome mitochondria
At chromosome chloroplast

Processed 7 chromosomes with 119469972 total positions in 11958 windows with F_ST values, and skipped 11 windows without any F_ST values.

Finished 2022-06-01 16:18:30
