                                         __ 
                               |      / /   
   ___  ___  ___  ___  ___  ___| ___ ( (    
  |   )|   )|___)|   )|___)|   )|   )| |___ 
  |__/ |    |__  |  / |__  |__/ |__/|| |    
  __/                                       
       v0.0.0 (c) 2020-2021 by Lucas Czech

Invocation:                        /Carnegie/DPB/Homes/Users/lczech/grenedalf/bin/grenedalf frequency --vcf-file /lustre/scratch/lczech/grenepipe-runs/ath-evo-francois-rerun/genotyped/all.vcf.gz --omit-invariants
Command:                           grenedalf frequency

Input:
  --pileup-file                    
  --quality-encoding               sanger
  --min-phred-score                0
  --sync-file                      
  --vcf-file                       "/lustre/scratch/lczech/grenepipe-runs/ath-evo-francois-rerun/genotyped/all.vcf.gz"
  --sample-name-list               
  --sample-name-prefix

Filtering:
  --filter-region                  
  --filter-samples-include         
  --filter-samples-exclude

Settings:
  --type                           both
  --no-coverage                    
  --no-frequency                   
  --no-counts                      
  --omit-invariants                true

Formatting:
  --separator-char                 tab
  --na-entry                       NA

Output:
  --out-dir                        .
  --file-prefix                    
  --file-suffix                    
  --compress

Global Options:
  --allow-file-overwriting         
  --verbose                        
  --threads                        12
  --log-file

Run the following command to get the references that need to be cited:
`grenedalf citation Czech2021-grenedalf`

Started 2021-10-06 17:55:39

Processed 3482074 genome positions of the input file, and thereof skipped 3129 due to being invariant sites.

Finished 2021-10-06 17:56:56
