                                         __ 
                               |      / /   
   ___  ___  ___  ___  ___  ___| ___ ( (    
  |   )|   )|___)|   )|___)|   )|   )| |___ 
  |__/ |    |__  |  / |__  |__/ |__/|| |    
  __/                                       
       v0.0.0 (c) 2020-2021 by Lucas Czech

Invocation:                        /Carnegie/DPB/Homes/Users/lczech/grenedalf/bin/grenedalf fst --pileup-file /lustre/scratch/lczech/grenepipe-runs/ath-evo-seeds-pileups/mpileup/all-merged-units.mpileup.gz --window-width 10000 --omit-na-windows --pool-sizes 2500 --sample-name-prefix S --file-suffix -width-10000
Command:                           grenedalf fst

Input:
  --pileup-file                    "/lustre/scratch/lczech/grenepipe-runs/ath-evo-seeds-pileups/mpileup/all-merged-units.mpileup.gz"
  --quality-encoding               sanger
  --min-phred-score                0
  --sync-file                      
  --vcf-file                       
  --sample-name-list               
  --sample-name-prefix             'S'

Filtering:
  --filter-region                  
  --filter-samples-include         
  --filter-samples-exclude

Sliding Window:
  --window-width                   10000
  --window-stride                  0

Settings:
  --pool-sizes                     2500
  --method                         conventional
  --omit-na-windows                true
  --comparand                      
  --second-comparand               
  --comparand-list

Formatting:
  --separator-char                 tab
  --na-entry                       NA

Output:
  --out-dir                        .
  --file-prefix                    
  --file-suffix                    "-width-10000"
  --compress

Global Options:
  --allow-file-overwriting         
  --verbose                        
  --threads                        12
  --log-file

Run the following command to get the references that need to be cited:
`grenedalf citation Czech2021-grenedalf Kofler2011-PoPoolation2`

Started 2021-09-22 20:24:41

Output file './fst-width-10000.csv' already exists. If you want to allow overwriting of existing output files, use --allow-file-overwriting

