[1] "At 1: q0"
[1] "    no-cutoff: 6047538"
[1] "    coverage-25: 5972753"
[1] "    cutoff-0.1: 964739"
[1] "    coverage-100-200: 946185"
[1] "    cutoff-0.1 coverage-100-200: 121976"
[1] "At 2: q20"
[1] "    no-cutoff: 5511497"
[1] "    coverage-25: 5441016"
[1] "    cutoff-0.1: 875362"
[1] "    coverage-100-200: 801794"
[1] "    cutoff-0.1 coverage-100-200: 102196"
[1] "At 3: q40"
[1] "    no-cutoff: 5250873"
[1] "    coverage-25: 5180179"
[1] "    cutoff-0.1: 818861"
[1] "    coverage-100-200: 747690"
[1] "    cutoff-0.1 coverage-100-200: 89999"
[1] "At 4: q60"
[1] "    no-cutoff: 4733856"
[1] "    coverage-25: 4681769"
[1] "    cutoff-0.1: 704831"
[1] "    coverage-100-200: 674063"
[1] "    cutoff-0.1 coverage-100-200: 72129"
[1] "At 5: q0-f"
[1] "    no-cutoff: 6047538"
[1] "    coverage-25: 5972753"
[1] "    cutoff-0.1: 964739"
[1] "    coverage-100-200: 946185"
[1] "    cutoff-0.1 coverage-100-200: 121976"
[1] "At 6: q20-f"
[1] "    no-cutoff: 5511497"
[1] "    coverage-25: 5441016"
[1] "    cutoff-0.1: 875362"
[1] "    coverage-100-200: 801794"
[1] "    cutoff-0.1 coverage-100-200: 102196"
[1] "At 7: q40-f"
[1] "    no-cutoff: 5250873"
[1] "    coverage-25: 5180179"
[1] "    cutoff-0.1: 818861"
[1] "    coverage-100-200: 747690"
[1] "    cutoff-0.1 coverage-100-200: 89999"
[1] "At 8: q60-f"
[1] "    no-cutoff: 4733856"
[1] "    coverage-25: 4681769"
[1] "    cutoff-0.1: 704831"
[1] "    coverage-100-200: 674063"
[1] "    cutoff-0.1 coverage-100-200: 72129"
[1] "At 9: Q30-q0"
[1] "    no-cutoff: 3651329"
[1] "    coverage-25: 3579019"
[1] "    cutoff-0.1: 950099"
[1] "    coverage-100-200: 473465"
[1] "    cutoff-0.1 coverage-100-200: 96330"
[1] "At 10: Q30-q20"
[1] "    no-cutoff: 3181235"
[1] "    coverage-25: 3117154"
[1] "    cutoff-0.1: 861411"
[1] "    coverage-100-200: 360271"
[1] "    cutoff-0.1 coverage-100-200: 79020"
[1] "At 11: Q30-q40"
[1] "    no-cutoff: 2951630"
[1] "    coverage-25: 2890555"
[1] "    cutoff-0.1: 805375"
[1] "    coverage-100-200: 321155"
[1] "    cutoff-0.1 coverage-100-200: 68579"
[1] "At 12: Q30-q60"
[1] "    no-cutoff: 2532308"
[1] "    coverage-25: 2492408"
[1] "    cutoff-0.1: 693193"
[1] "    coverage-100-200: 272514"
[1] "    cutoff-0.1 coverage-100-200: 53756"
[1] "At 13: Q30-q0-f"
[1] "    no-cutoff: 3651329"
[1] "    coverage-25: 3579019"
[1] "    cutoff-0.1: 950099"
[1] "    coverage-100-200: 473465"
[1] "    cutoff-0.1 coverage-100-200: 96330"
[1] "At 14: Q30-q20-f"
[1] "    no-cutoff: 3181235"
[1] "    coverage-25: 3117154"
[1] "    cutoff-0.1: 861411"
[1] "    coverage-100-200: 360271"
[1] "    cutoff-0.1 coverage-100-200: 79020"
[1] "At 15: Q30-q40-f"
[1] "    no-cutoff: 2951630"
[1] "    coverage-25: 2890555"
[1] "    cutoff-0.1: 805375"
[1] "    coverage-100-200: 321155"
[1] "    cutoff-0.1 coverage-100-200: 68579"
[1] "At 16: Q30-q60-f"
[1] "    no-cutoff: 2532308"
[1] "    coverage-25: 2492408"
[1] "    cutoff-0.1: 693193"
[1] "    coverage-100-200: 272514"
[1] "    cutoff-0.1 coverage-100-200: 53756"
