                                         __ 
                               |      / /   
   ___  ___  ___  ___  ___  ___| ___ ( (    
  |   )|   )|___)|   )|___)|   )|   )| |___ 
  |__/ |    |__  |  / |__  |__/ |__/|| |    
  __/                                       
       v0.0.0 (c) 2020-2021 by Lucas Czech

Invocation:                        /Carnegie/DPB/Homes/Users/lczech/grenedalf/bin/grenedalf fst --pileup-file /lustre/scratch/lczech/grenepipe-runs/ath-evo-francois-rerun/mpileup/all-merged-units.mpileup.gz --window-width 10000 --omit-na-windows --pool-sizes 56,80,65,19,69,160,205,50,101,200,296,97 --sample-name-prefix S --file-suffix -width-10k
Command:                           grenedalf fst

Input:
  --pileup-file                    "/lustre/scratch/lczech/grenepipe-runs/ath-evo-francois-rerun/mpileup/all-merged-units.mpileup.gz"
  --quality-encoding               sanger
  --min-phred-score                0
  --sync-file                      
  --vcf-file                       
  --sample-name-list               
  --sample-name-prefix             'S'

Filtering:
  --filter-region                  
  --filter-samples-include         
  --filter-samples-exclude

Sliding Window:
  --window-width                   10000
  --window-stride                  0

Settings:
  --pool-sizes                     "56,80,65,19,69,160,205,50,101,200,296,97"
  --method                         conventional
  --omit-na-windows                true
  --comparand                      
  --second-comparand               
  --comparand-list

Formatting:
  --separator-char                 tab
  --na-entry                       NA

Output:
  --out-dir                        .
  --file-prefix                    
  --file-suffix                    "-width-10k"
  --compress

Global Options:
  --allow-file-overwriting         
  --verbose                        
  --threads                        12
  --log-file

Run the following command to get the references that need to be cited:
`grenedalf citation Czech2021-grenedalf Kofler2011-PoPoolation2`

Started 2021-09-21 16:44:44

Computing F_ST between 66 pairs of samples.
At chromosome 1
At chromosome 2
At chromosome 3
At chromosome 4
At chromosome 5
At chromosome mitochondria
At chromosome chloroplast

Processed 7 chromosomes with 119475346 total positions in 11958 windows with F_ST values, and skipped 11 windows without any F_ST values.

Finished 2021-09-21 17:24:25
